Flow report for MAD_fpga
Mon Jun 24 16:46:34 2013
Quartus II 32-bit Version 12.1 Build 243 01/31/2013 Service Pack 1 SJ Web Edition


---------------------
; Table of Contents ;
---------------------
  1. Legal Notice
  2. Flow Summary
  3. Flow Settings
  4. Flow Non-Default Global Settings
  5. Flow Elapsed Time
  6. Flow OS Summary
  7. Flow Log



----------------
; Legal Notice ;
----------------
Copyright (C) 1991-2012 Altera Corporation
Your use of Altera Corporation's design tools, logic functions 
and other software and tools, and its AMPP partner logic 
functions, and any output files from any of the foregoing 
(including device programming or simulation files), and any 
associated documentation or information are expressly subject 
to the terms and conditions of the Altera Program License 
Subscription Agreement, Altera MegaCore Function License 
Agreement, or other applicable license agreement, including, 
without limitation, that your use is for the sole purpose of 
programming logic devices manufactured by Altera and sold by 
Altera or its authorized distributors.  Please refer to the 
applicable agreement for further details.



+------------------------------------------------------------------------------------+
; Flow Summary                                                                       ;
+------------------------------------+-----------------------------------------------+
; Flow Status                        ; Successful - Mon Jun 24 16:46:21 2013         ;
; Quartus II 32-bit Version          ; 12.1 Build 243 01/31/2013 SP 1 SJ Web Edition ;
; Revision Name                      ; MAD_fpga                                      ;
; Top-level Entity Name              ; MADs                                          ;
; Family                             ; Cyclone IV E                                  ;
; Device                             ; EP4CE115F29C7                                 ;
; Timing Models                      ; Final                                         ;
; Total logic elements               ; 693 / 114,480 ( < 1 % )                       ;
;     Total combinational functions  ; 678 / 114,480 ( < 1 % )                       ;
;     Dedicated logic registers      ; 207 / 114,480 ( < 1 % )                       ;
; Total registers                    ; 207                                           ;
; Total pins                         ; 25 / 529 ( 5 % )                              ;
; Total virtual pins                 ; 0                                             ;
; Total memory bits                  ; 0 / 3,981,312 ( 0 % )                         ;
; Embedded Multiplier 9-bit elements ; 0 / 532 ( 0 % )                               ;
; Total PLLs                         ; 0 / 4 ( 0 % )                                 ;
+------------------------------------+-----------------------------------------------+


+-----------------------------------------+
; Flow Settings                           ;
+-------------------+---------------------+
; Option            ; Setting             ;
+-------------------+---------------------+
; Start date & time ; 06/24/2013 16:44:42 ;
; Main task         ; Compilation         ;
; Revision Name     ; MAD_fpga            ;
+-------------------+---------------------+


+---------------------------------------------------------------------------------------------------------------+
; Flow Non-Default Global Settings                                                                              ;
+-------------------------------------+------------------------------+---------------+-------------+------------+
; Assignment Name                     ; Value                        ; Default Value ; Entity Name ; Section Id ;
+-------------------------------------+------------------------------+---------------+-------------+------------+
; COMPILER_SIGNATURE_ID               ; 690711852856.137208508112620 ; --            ; --          ; --         ;
; MAX_CORE_JUNCTION_TEMP              ; 85                           ; --            ; --          ; --         ;
; MIN_CORE_JUNCTION_TEMP              ; 0                            ; --            ; --          ; --         ;
; NOMINAL_CORE_SUPPLY_VOLTAGE         ; 1.2V                         ; --            ; --          ; --         ;
; PARTITION_COLOR                     ; 16764057                     ; --            ; MADs        ; Top        ;
; PARTITION_FITTER_PRESERVATION_LEVEL ; PLACEMENT_AND_ROUTING        ; --            ; MADs        ; Top        ;
; PARTITION_NETLIST_TYPE              ; SOURCE                       ; --            ; MADs        ; Top        ;
; PROJECT_OUTPUT_DIRECTORY            ; output_files                 ; --            ; --          ; --         ;
; TOP_LEVEL_ENTITY                    ; MADs                         ; MAD_fpga      ; --          ; --         ;
+-------------------------------------+------------------------------+---------------+-------------+------------+


+-------------------------------------------------------------------------------------------------------------------------------+
; Flow Elapsed Time                                                                                                             ;
+---------------------------+--------------+-------------------------+---------------------+------------------------------------+
; Module Name               ; Elapsed Time ; Average Processors Used ; Peak Virtual Memory ; Total CPU Time (on all processors) ;
+---------------------------+--------------+-------------------------+---------------------+------------------------------------+
; Analysis & Synthesis      ; 00:00:16     ; 1.0                     ; 349 MB              ; 00:00:14                           ;
; Fitter                    ; 00:00:59     ; 1.0                     ; 568 MB              ; 00:00:55                           ;
; Assembler                 ; 00:00:14     ; 1.0                     ; 333 MB              ; 00:00:12                           ;
; TimeQuest Timing Analyzer ; 00:00:10     ; 1.0                     ; 384 MB              ; 00:00:07                           ;
; Total                     ; 00:01:39     ; --                      ; --                  ; 00:01:28                           ;
+---------------------------+--------------+-------------------------+---------------------+------------------------------------+


+-------------------------------------------------------------------------------------------+
; Flow OS Summary                                                                           ;
+---------------------------+------------------+--------------+------------+----------------+
; Module Name               ; Machine Hostname ; OS Name      ; OS Version ; Processor type ;
+---------------------------+------------------+--------------+------------+----------------+
; Analysis & Synthesis      ; basti-laptop     ; Ubuntu 13.04 ; 13         ; x86_64         ;
; Fitter                    ; basti-laptop     ; Ubuntu 13.04 ; 13         ; x86_64         ;
; Assembler                 ; basti-laptop     ; Ubuntu 13.04 ; 13         ; x86_64         ;
; TimeQuest Timing Analyzer ; basti-laptop     ; Ubuntu 13.04 ; 13         ; x86_64         ;
+---------------------------+------------------+--------------+------------+----------------+


------------
; Flow Log ;
------------
quartus_map --read_settings_files=on --write_settings_files=off MAD_fpga -c MAD_fpga
quartus_fit --read_settings_files=off --write_settings_files=off MAD_fpga -c MAD_fpga
quartus_asm --read_settings_files=off --write_settings_files=off MAD_fpga -c MAD_fpga
quartus_sta MAD_fpga -c MAD_fpga



