Analysis & Synthesis report for MAD_fpga
Mon Jun 24 16:44:57 2013
Quartus II 32-bit Version 12.1 Build 243 01/31/2013 Service Pack 1 SJ Web Edition


---------------------
; Table of Contents ;
---------------------
  1. Legal Notice
  2. Analysis & Synthesis Summary
  3. Analysis & Synthesis Settings
  4. Parallel Compilation
  5. Analysis & Synthesis Source Files Read
  6. Analysis & Synthesis Resource Usage Summary
  7. Analysis & Synthesis Resource Utilization by Entity
  8. State Machine - |MADs|uart:uart1|rx_fsm
  9. State Machine - |MADs|uart:uart1|tx_fsm
 10. State Machine - |MADs|FSM:inst2|next_state
 11. State Machine - |MADs|FSM:inst2|present_state
 12. State Machine - |MADs|LCD:inst12|next_state
 13. State Machine - |MADs|LCD:inst12|lcd_fsm
 14. Registers Removed During Synthesis
 15. Removed Registers Triggering Further Register Optimizations
 16. General Register Statistics
 17. Inverted Register Statistics
 18. Multiplexer Restructuring Statistics (Restructuring Performed)
 19. Parameter Settings for User Entity Instance: uart:uart1
 20. Elapsed Time Per Partition
 21. Analysis & Synthesis Messages



----------------
; Legal Notice ;
----------------
Copyright (C) 1991-2012 Altera Corporation
Your use of Altera Corporation's design tools, logic functions 
and other software and tools, and its AMPP partner logic 
functions, and any output files from any of the foregoing 
(including device programming or simulation files), and any 
associated documentation or information are expressly subject 
to the terms and conditions of the Altera Program License 
Subscription Agreement, Altera MegaCore Function License 
Agreement, or other applicable license agreement, including, 
without limitation, that your use is for the sole purpose of 
programming logic devices manufactured by Altera and sold by 
Altera or its authorized distributors.  Please refer to the 
applicable agreement for further details.



+------------------------------------------------------------------------------------+
; Analysis & Synthesis Summary                                                       ;
+------------------------------------+-----------------------------------------------+
; Analysis & Synthesis Status        ; Successful - Mon Jun 24 16:44:57 2013         ;
; Quartus II 32-bit Version          ; 12.1 Build 243 01/31/2013 SP 1 SJ Web Edition ;
; Revision Name                      ; MAD_fpga                                      ;
; Top-level Entity Name              ; MADs                                          ;
; Family                             ; Cyclone IV E                                  ;
; Total logic elements               ; 697                                           ;
;     Total combinational functions  ; 677                                           ;
;     Dedicated logic registers      ; 207                                           ;
; Total registers                    ; 207                                           ;
; Total pins                         ; 25                                            ;
; Total virtual pins                 ; 0                                             ;
; Total memory bits                  ; 0                                             ;
; Embedded Multiplier 9-bit elements ; 0                                             ;
; Total PLLs                         ; 0                                             ;
+------------------------------------+-----------------------------------------------+


+----------------------------------------------------------------------------------------------------------------------+
; Analysis & Synthesis Settings                                                                                        ;
+----------------------------------------------------------------------------+--------------------+--------------------+
; Option                                                                     ; Setting            ; Default Value      ;
+----------------------------------------------------------------------------+--------------------+--------------------+
; Device                                                                     ; EP4CE115F29C7      ;                    ;
; Top-level entity name                                                      ; MADs               ; MAD_fpga           ;
; Family name                                                                ; Cyclone IV E       ; Cyclone IV GX      ;
; Use smart compilation                                                      ; Off                ; Off                ;
; Enable parallel Assembler and TimeQuest Timing Analyzer during compilation ; On                 ; On                 ;
; Enable compact report table                                                ; Off                ; Off                ;
; Restructure Multiplexers                                                   ; Auto               ; Auto               ;
; Create Debugging Nodes for IP Cores                                        ; Off                ; Off                ;
; Preserve fewer node names                                                  ; On                 ; On                 ;
; Disable OpenCore Plus hardware evaluation                                  ; Off                ; Off                ;
; Verilog Version                                                            ; Verilog_2001       ; Verilog_2001       ;
; VHDL Version                                                               ; VHDL_1993          ; VHDL_1993          ;
; State Machine Processing                                                   ; Auto               ; Auto               ;
; Safe State Machine                                                         ; Off                ; Off                ;
; Extract Verilog State Machines                                             ; On                 ; On                 ;
; Extract VHDL State Machines                                                ; On                 ; On                 ;
; Ignore Verilog initial constructs                                          ; Off                ; Off                ;
; Iteration limit for constant Verilog loops                                 ; 5000               ; 5000               ;
; Iteration limit for non-constant Verilog loops                             ; 250                ; 250                ;
; Add Pass-Through Logic to Inferred RAMs                                    ; On                 ; On                 ;
; Infer RAMs from Raw Logic                                                  ; On                 ; On                 ;
; Parallel Synthesis                                                         ; On                 ; On                 ;
; DSP Block Balancing                                                        ; Auto               ; Auto               ;
; NOT Gate Push-Back                                                         ; On                 ; On                 ;
; Power-Up Don't Care                                                        ; On                 ; On                 ;
; Remove Redundant Logic Cells                                               ; Off                ; Off                ;
; Remove Duplicate Registers                                                 ; On                 ; On                 ;
; Ignore CARRY Buffers                                                       ; Off                ; Off                ;
; Ignore CASCADE Buffers                                                     ; Off                ; Off                ;
; Ignore GLOBAL Buffers                                                      ; Off                ; Off                ;
; Ignore ROW GLOBAL Buffers                                                  ; Off                ; Off                ;
; Ignore LCELL Buffers                                                       ; Off                ; Off                ;
; Ignore SOFT Buffers                                                        ; On                 ; On                 ;
; Limit AHDL Integers to 32 Bits                                             ; Off                ; Off                ;
; Optimization Technique                                                     ; Balanced           ; Balanced           ;
; Carry Chain Length                                                         ; 70                 ; 70                 ;
; Auto Carry Chains                                                          ; On                 ; On                 ;
; Auto Open-Drain Pins                                                       ; On                 ; On                 ;
; Perform WYSIWYG Primitive Resynthesis                                      ; Off                ; Off                ;
; Auto ROM Replacement                                                       ; On                 ; On                 ;
; Auto RAM Replacement                                                       ; On                 ; On                 ;
; Auto DSP Block Replacement                                                 ; On                 ; On                 ;
; Auto Shift Register Replacement                                            ; Auto               ; Auto               ;
; Allow Shift Register Merging across Hierarchies                            ; Auto               ; Auto               ;
; Auto Clock Enable Replacement                                              ; On                 ; On                 ;
; Strict RAM Replacement                                                     ; Off                ; Off                ;
; Allow Synchronous Control Signals                                          ; On                 ; On                 ;
; Force Use of Synchronous Clear Signals                                     ; Off                ; Off                ;
; Auto RAM Block Balancing                                                   ; On                 ; On                 ;
; Auto RAM to Logic Cell Conversion                                          ; Off                ; Off                ;
; Auto Resource Sharing                                                      ; Off                ; Off                ;
; Allow Any RAM Size For Recognition                                         ; Off                ; Off                ;
; Allow Any ROM Size For Recognition                                         ; Off                ; Off                ;
; Allow Any Shift Register Size For Recognition                              ; Off                ; Off                ;
; Use LogicLock Constraints during Resource Balancing                        ; On                 ; On                 ;
; Ignore translate_off and synthesis_off directives                          ; Off                ; Off                ;
; Timing-Driven Synthesis                                                    ; On                 ; On                 ;
; Report Parameter Settings                                                  ; On                 ; On                 ;
; Report Source Assignments                                                  ; On                 ; On                 ;
; Report Connectivity Checks                                                 ; On                 ; On                 ;
; Ignore Maximum Fan-Out Assignments                                         ; Off                ; Off                ;
; Synchronization Register Chain Length                                      ; 2                  ; 2                  ;
; PowerPlay Power Optimization                                               ; Normal compilation ; Normal compilation ;
; HDL message level                                                          ; Level2             ; Level2             ;
; Suppress Register Optimization Related Messages                            ; Off                ; Off                ;
; Number of Removed Registers Reported in Synthesis Report                   ; 5000               ; 5000               ;
; Number of Swept Nodes Reported in Synthesis Report                         ; 5000               ; 5000               ;
; Number of Inverted Registers Reported in Synthesis Report                  ; 100                ; 100                ;
; Clock MUX Protection                                                       ; On                 ; On                 ;
; Auto Gated Clock Conversion                                                ; Off                ; Off                ;
; Block Design Naming                                                        ; Auto               ; Auto               ;
; SDC constraint protection                                                  ; Off                ; Off                ;
; Synthesis Effort                                                           ; Auto               ; Auto               ;
; Shift Register Replacement - Allow Asynchronous Clear Signal               ; On                 ; On                 ;
; Pre-Mapping Resynthesis Optimization                                       ; Off                ; Off                ;
; Analysis & Synthesis Message Level                                         ; Medium             ; Medium             ;
; Disable Register Merging Across Hierarchies                                ; Auto               ; Auto               ;
; Resource Aware Inference For Block RAM                                     ; On                 ; On                 ;
; Synthesis Seed                                                             ; 1                  ; 1                  ;
+----------------------------------------------------------------------------+--------------------+--------------------+


Parallel compilation was disabled, but you have multiple processors available. Enable parallel compilation to reduce compilation time.
+-------------------------------------+
; Parallel Compilation                ;
+----------------------------+--------+
; Processors                 ; Number ;
+----------------------------+--------+
; Number detected on machine ; 2      ;
; Maximum allowed            ; 1      ;
+----------------------------+--------+


+----------------------------------------------------------------------------------------------------------------------------------------------------------------------+
; Analysis & Synthesis Source Files Read                                                                                                                               ;
+----------------------------------+-----------------+------------------------------------+------------------------------------------------------------------+---------+
; File Name with User-Entered Path ; Used in Netlist ; File Type                          ; File Name with Absolute Path                                     ; Library ;
+----------------------------------+-----------------+------------------------------------+------------------------------------------------------------------+---------+
; MADs.bdf                         ; yes             ; User Block Diagram/Schematic File  ; /home/basti/Documenti/uni/PSE2013/MAD_fpga/project/MADs.bdf      ;         ;
; counter.vhd                      ; yes             ; User VHDL File                     ; /home/basti/Documenti/uni/PSE2013/MAD_fpga/project/counter.vhd   ;         ;
; decoder.vhd                      ; yes             ; User VHDL File                     ; /home/basti/Documenti/uni/PSE2013/MAD_fpga/project/decoder.vhd   ;         ;
; clk_div.vhd                      ; yes             ; User VHDL File                     ; /home/basti/Documenti/uni/PSE2013/MAD_fpga/project/clk_div.vhd   ;         ;
; keyfilter.vhd                    ; yes             ; User VHDL File                     ; /home/basti/Documenti/uni/PSE2013/MAD_fpga/project/keyfilter.vhd ;         ;
; mux.vhd                          ; yes             ; User VHDL File                     ; /home/basti/Documenti/uni/PSE2013/MAD_fpga/project/mux.vhd       ;         ;
; lcd.vhd                          ; yes             ; User VHDL File                     ; /home/basti/Documenti/uni/PSE2013/MAD_fpga/project/lcd.vhd       ;         ;
; uart.vhd                         ; yes             ; User VHDL File                     ; /home/basti/Documenti/uni/PSE2013/MAD_fpga/project/uart.vhd      ;         ;
; fsm.vhd                          ; yes             ; User VHDL File                     ; /home/basti/Documenti/uni/PSE2013/MAD_fpga/project/fsm.vhd       ;         ;
+----------------------------------+-----------------+------------------------------------+------------------------------------------------------------------+---------+


+-----------------------------------------------------+
; Analysis & Synthesis Resource Usage Summary         ;
+---------------------------------------------+-------+
; Resource                                    ; Usage ;
+---------------------------------------------+-------+
; Estimated Total logic elements              ; 697   ;
;                                             ;       ;
; Total combinational functions               ; 677   ;
; Logic element usage by number of LUT inputs ;       ;
;     -- 4 input functions                    ; 423   ;
;     -- 3 input functions                    ; 119   ;
;     -- <=2 input functions                  ; 135   ;
;                                             ;       ;
; Logic elements by mode                      ;       ;
;     -- normal mode                          ; 595   ;
;     -- arithmetic mode                      ; 82    ;
;                                             ;       ;
; Total registers                             ; 207   ;
;     -- Dedicated logic registers            ; 207   ;
;     -- I/O registers                        ; 0     ;
;                                             ;       ;
; I/O pins                                    ; 25    ;
; Embedded Multiplier 9-bit elements          ; 0     ;
; Maximum fan-out                             ; 207   ;
; Total fan-out                               ; 2920  ;
; Average fan-out                             ; 3.13  ;
+---------------------------------------------+-------+


+----------------------------------------------------------------------------------------------------------------------------------------------------------------------------------+
; Analysis & Synthesis Resource Utilization by Entity                                                                                                                              ;
+----------------------------+-------------------+--------------+-------------+--------------+---------+-----------+------+--------------+--------------------------+--------------+
; Compilation Hierarchy Node ; LC Combinationals ; LC Registers ; Memory Bits ; DSP Elements ; DSP 9x9 ; DSP 18x18 ; Pins ; Virtual Pins ; Full Hierarchy Name      ; Library Name ;
+----------------------------+-------------------+--------------+-------------+--------------+---------+-----------+------+--------------+--------------------------+--------------+
; |MADs                      ; 677 (0)           ; 207 (0)      ; 0           ; 0            ; 0       ; 0         ; 25   ; 0            ; |MADs                    ;              ;
;    |Decoder:inst3|         ; 9 (9)             ; 0 (0)        ; 0           ; 0            ; 0       ; 0         ; 0    ; 0            ; |MADs|Decoder:inst3      ;              ;
;    |FSM:inst2|             ; 123 (123)         ; 55 (55)      ; 0           ; 0            ; 0       ; 0         ; 0    ; 0            ; |MADs|FSM:inst2          ;              ;
;    |Keyfilter:inst10|      ; 1 (1)             ; 2 (2)        ; 0           ; 0            ; 0       ; 0         ; 0    ; 0            ; |MADs|Keyfilter:inst10   ;              ;
;    |Keyfilter:inst13|      ; 1 (1)             ; 2 (2)        ; 0           ; 0            ; 0       ; 0         ; 0    ; 0            ; |MADs|Keyfilter:inst13   ;              ;
;    |Keyfilter:inst15|      ; 3 (3)             ; 2 (2)        ; 0           ; 0            ; 0       ; 0         ; 0    ; 0            ; |MADs|Keyfilter:inst15   ;              ;
;    |Keyfilter:inst16|      ; 0 (0)             ; 2 (2)        ; 0           ; 0            ; 0       ; 0         ; 0    ; 0            ; |MADs|Keyfilter:inst16   ;              ;
;    |Keyfilter:inst5|       ; 2 (2)             ; 2 (2)        ; 0           ; 0            ; 0       ; 0         ; 0    ; 0            ; |MADs|Keyfilter:inst5    ;              ;
;    |LCD:inst12|            ; 414 (414)         ; 54 (54)      ; 0           ; 0            ; 0       ; 0         ; 0    ; 0            ; |MADs|LCD:inst12         ;              ;
;    |Mux:inst14|            ; 4 (4)             ; 0 (0)        ; 0           ; 0            ; 0       ; 0         ; 0    ; 0            ; |MADs|Mux:inst14         ;              ;
;    |counter:inst7|         ; 11 (11)           ; 8 (8)        ; 0           ; 0            ; 0       ; 0         ; 0    ; 0            ; |MADs|counter:inst7      ;              ;
;    |spiker_50kHz:inst1|    ; 15 (15)           ; 11 (11)      ; 0           ; 0            ; 0       ; 0         ; 0    ; 0            ; |MADs|spiker_50kHz:inst1 ;              ;
;    |uart:uart1|            ; 94 (94)           ; 69 (69)      ; 0           ; 0            ; 0       ; 0         ; 0    ; 0            ; |MADs|uart:uart1         ;              ;
+----------------------------+-------------------+--------------+-------------+--------------+---------+-----------+------+--------------+--------------------------+--------------+
Note: For table entries with two numbers listed, the numbers in parentheses indicate the number of resources of the given type used by the specific entity alone. The numbers listed outside of parentheses indicate the total resources of the given type used by the specific entity and all of its sub-entities in the hierarchy.


Encoding Type:  One-Hot
+------------------------------------------------------------------------------------------------------------------------------------+
; State Machine - |MADs|uart:uart1|rx_fsm                                                                                            ;
+---------------------+--------------+--------------+--------------+---------------+-------------+---------------------+-------------+
; Name                ; rx_fsm.stop3 ; rx_fsm.stop2 ; rx_fsm.stop1 ; rx_fsm.parity ; rx_fsm.data ; rx_fsm.ck_start_bit ; rx_fsm.idle ;
+---------------------+--------------+--------------+--------------+---------------+-------------+---------------------+-------------+
; rx_fsm.idle         ; 0            ; 0            ; 0            ; 0             ; 0           ; 0                   ; 0           ;
; rx_fsm.ck_start_bit ; 0            ; 0            ; 0            ; 0             ; 0           ; 1                   ; 1           ;
; rx_fsm.data         ; 0            ; 0            ; 0            ; 0             ; 1           ; 0                   ; 1           ;
; rx_fsm.parity       ; 0            ; 0            ; 0            ; 1             ; 0           ; 0                   ; 1           ;
; rx_fsm.stop1        ; 0            ; 0            ; 1            ; 0             ; 0           ; 0                   ; 1           ;
; rx_fsm.stop2        ; 0            ; 1            ; 0            ; 0             ; 0           ; 0                   ; 1           ;
; rx_fsm.stop3        ; 1            ; 0            ; 0            ; 0             ; 0           ; 0                   ; 1           ;
+---------------------+--------------+--------------+--------------+---------------+-------------+---------------------+-------------+


Encoding Type:  One-Hot
+------------------------------------------------------------------------------------------------------------------------------------+
; State Machine - |MADs|uart:uart1|tx_fsm                                                                                            ;
+---------------------+--------------+--------------+--------------+---------------+-------------+---------------------+-------------+
; Name                ; tx_fsm.stop3 ; tx_fsm.stop2 ; tx_fsm.stop1 ; tx_fsm.parity ; tx_fsm.data ; tx_fsm.ck_start_bit ; tx_fsm.idle ;
+---------------------+--------------+--------------+--------------+---------------+-------------+---------------------+-------------+
; tx_fsm.idle         ; 0            ; 0            ; 0            ; 0             ; 0           ; 0                   ; 0           ;
; tx_fsm.ck_start_bit ; 0            ; 0            ; 0            ; 0             ; 0           ; 1                   ; 1           ;
; tx_fsm.data         ; 0            ; 0            ; 0            ; 0             ; 1           ; 0                   ; 1           ;
; tx_fsm.parity       ; 0            ; 0            ; 0            ; 1             ; 0           ; 0                   ; 1           ;
; tx_fsm.stop1        ; 0            ; 0            ; 1            ; 0             ; 0           ; 0                   ; 1           ;
; tx_fsm.stop2        ; 0            ; 1            ; 0            ; 0             ; 0           ; 0                   ; 1           ;
; tx_fsm.stop3        ; 1            ; 0            ; 0            ; 0             ; 0           ; 0                   ; 1           ;
+---------------------+--------------+--------------+--------------+---------------+-------------+---------------------+-------------+


Encoding Type:  One-Hot
+-----------------------------------------------------------------------------------------------------------------------------------------------------------------------------------+
; State Machine - |MADs|FSM:inst2|next_state                                                                                                                                        ;
+-------------------------+-----------------------+----------------------+-----------------+------------------------+------------------+------------------+-------------------------+
; Name                    ; next_state.TAKE_GLASS ; next_state.EROGATION ; next_state.IDLE ; next_state.CHECK_GLASS ; next_state.START ; next_state.DELAY ; next_state.CHECK_LEVELS ;
+-------------------------+-----------------------+----------------------+-----------------+------------------------+------------------+------------------+-------------------------+
; next_state.CHECK_LEVELS ; 0                     ; 0                    ; 0               ; 0                      ; 0                ; 0                ; 0                       ;
; next_state.DELAY        ; 0                     ; 0                    ; 0               ; 0                      ; 0                ; 1                ; 1                       ;
; next_state.START        ; 0                     ; 0                    ; 0               ; 0                      ; 1                ; 0                ; 1                       ;
; next_state.CHECK_GLASS  ; 0                     ; 0                    ; 0               ; 1                      ; 0                ; 0                ; 1                       ;
; next_state.IDLE         ; 0                     ; 0                    ; 1               ; 0                      ; 0                ; 0                ; 1                       ;
; next_state.EROGATION    ; 0                     ; 1                    ; 0               ; 0                      ; 0                ; 0                ; 1                       ;
; next_state.TAKE_GLASS   ; 1                     ; 0                    ; 0               ; 0                      ; 0                ; 0                ; 1                       ;
+-------------------------+-----------------------+----------------------+-----------------+------------------------+------------------+------------------+-------------------------+


Encoding Type:  One-Hot
+-----------------------------------------------------------------------------------------------------------------------------------------------------------------------------------------------------------+
; State Machine - |MADs|FSM:inst2|present_state                                                                                                                                                             ;
+----------------------------+--------------------------+-------------------------+--------------------+---------------------------+----------------------------+---------------------+---------------------+
; Name                       ; present_state.TAKE_GLASS ; present_state.EROGATION ; present_state.IDLE ; present_state.CHECK_GLASS ; present_state.CHECK_LEVELS ; present_state.DELAY ; present_state.START ;
+----------------------------+--------------------------+-------------------------+--------------------+---------------------------+----------------------------+---------------------+---------------------+
; present_state.START        ; 0                        ; 0                       ; 0                  ; 0                         ; 0                          ; 0                   ; 0                   ;
; present_state.DELAY        ; 0                        ; 0                       ; 0                  ; 0                         ; 0                          ; 1                   ; 1                   ;
; present_state.CHECK_LEVELS ; 0                        ; 0                       ; 0                  ; 0                         ; 1                          ; 0                   ; 1                   ;
; present_state.CHECK_GLASS  ; 0                        ; 0                       ; 0                  ; 1                         ; 0                          ; 0                   ; 1                   ;
; present_state.IDLE         ; 0                        ; 0                       ; 1                  ; 0                         ; 0                          ; 0                   ; 1                   ;
; present_state.EROGATION    ; 0                        ; 1                       ; 0                  ; 0                         ; 0                          ; 0                   ; 1                   ;
; present_state.TAKE_GLASS   ; 1                        ; 0                       ; 0                  ; 0                         ; 0                          ; 0                   ; 1                   ;
+----------------------------+--------------------------+-------------------------+--------------------+---------------------------+----------------------------+---------------------+---------------------+


Encoding Type:  One-Hot
+------------------------------------------------------------------------------------------------------------------------------------------------------------------------------------------------------------------------------------------------------------------------------------------------------------------------------------+
; State Machine - |MADs|LCD:inst12|next_state                                                                                                                                                                                                                                                                                        ;
+-------------------------------+------------------+------------------------+-------------------------------+---------------------+-----------------------+--------------------------+------------------------+---------------------+--------------------+------------------+------------------+------------------+------------------+
; Name                          ; next_state.LINE2 ; next_state.RETURN_HOME ; next_state.PRINT_STRING_SOLID ; next_state.MODE_SET ; next_state.DISPLAY_ON ; next_state.DISPLAY_CLEAR ; next_state.DISPLAY_OFF ; next_state.FUNC_SET ; next_state.WAIT_BF ; next_state.DELAY ; next_state.INIT3 ; next_state.INIT1 ; next_state.INIT2 ;
+-------------------------------+------------------+------------------------+-------------------------------+---------------------+-----------------------+--------------------------+------------------------+---------------------+--------------------+------------------+------------------+------------------+------------------+
; next_state.INIT2              ; 0                ; 0                      ; 0                             ; 0                   ; 0                     ; 0                        ; 0                      ; 0                   ; 0                  ; 0                ; 0                ; 0                ; 0                ;
; next_state.INIT1              ; 0                ; 0                      ; 0                             ; 0                   ; 0                     ; 0                        ; 0                      ; 0                   ; 0                  ; 0                ; 0                ; 1                ; 1                ;
; next_state.INIT3              ; 0                ; 0                      ; 0                             ; 0                   ; 0                     ; 0                        ; 0                      ; 0                   ; 0                  ; 0                ; 1                ; 0                ; 1                ;
; next_state.DELAY              ; 0                ; 0                      ; 0                             ; 0                   ; 0                     ; 0                        ; 0                      ; 0                   ; 0                  ; 1                ; 0                ; 0                ; 1                ;
; next_state.WAIT_BF            ; 0                ; 0                      ; 0                             ; 0                   ; 0                     ; 0                        ; 0                      ; 0                   ; 1                  ; 0                ; 0                ; 0                ; 1                ;
; next_state.FUNC_SET           ; 0                ; 0                      ; 0                             ; 0                   ; 0                     ; 0                        ; 0                      ; 1                   ; 0                  ; 0                ; 0                ; 0                ; 1                ;
; next_state.DISPLAY_OFF        ; 0                ; 0                      ; 0                             ; 0                   ; 0                     ; 0                        ; 1                      ; 0                   ; 0                  ; 0                ; 0                ; 0                ; 1                ;
; next_state.DISPLAY_CLEAR      ; 0                ; 0                      ; 0                             ; 0                   ; 0                     ; 1                        ; 0                      ; 0                   ; 0                  ; 0                ; 0                ; 0                ; 1                ;
; next_state.DISPLAY_ON         ; 0                ; 0                      ; 0                             ; 0                   ; 1                     ; 0                        ; 0                      ; 0                   ; 0                  ; 0                ; 0                ; 0                ; 1                ;
; next_state.MODE_SET           ; 0                ; 0                      ; 0                             ; 1                   ; 0                     ; 0                        ; 0                      ; 0                   ; 0                  ; 0                ; 0                ; 0                ; 1                ;
; next_state.PRINT_STRING_SOLID ; 0                ; 0                      ; 1                             ; 0                   ; 0                     ; 0                        ; 0                      ; 0                   ; 0                  ; 0                ; 0                ; 0                ; 1                ;
; next_state.RETURN_HOME        ; 0                ; 1                      ; 0                             ; 0                   ; 0                     ; 0                        ; 0                      ; 0                   ; 0                  ; 0                ; 0                ; 0                ; 1                ;
; next_state.LINE2              ; 1                ; 0                      ; 0                             ; 0                   ; 0                     ; 0                        ; 0                      ; 0                   ; 0                  ; 0                ; 0                ; 0                ; 1                ;
+-------------------------------+------------------+------------------------+-------------------------------+---------------------+-----------------------+--------------------------+------------------------+---------------------+--------------------+------------------+------------------+------------------+------------------+


Encoding Type:  One-Hot
+------------------------------------------------------------------------------------------------------------------------------------------------------------------------------------------------------------------------------------------------------------------------------------------+
; State Machine - |MADs|LCD:inst12|lcd_fsm                                                                                                                                                                                                                                                 ;
+----------------------------+---------------+---------------------+----------------------------+------------------+--------------------+-----------------------+---------------------+------------------+-----------------+---------------+---------------+---------------+---------------+
; Name                       ; lcd_fsm.LINE2 ; lcd_fsm.RETURN_HOME ; lcd_fsm.PRINT_STRING_SOLID ; lcd_fsm.MODE_SET ; lcd_fsm.DISPLAY_ON ; lcd_fsm.DISPLAY_CLEAR ; lcd_fsm.DISPLAY_OFF ; lcd_fsm.FUNC_SET ; lcd_fsm.WAIT_BF ; lcd_fsm.DELAY ; lcd_fsm.INIT3 ; lcd_fsm.INIT2 ; lcd_fsm.INIT1 ;
+----------------------------+---------------+---------------------+----------------------------+------------------+--------------------+-----------------------+---------------------+------------------+-----------------+---------------+---------------+---------------+---------------+
; lcd_fsm.INIT1              ; 0             ; 0                   ; 0                          ; 0                ; 0                  ; 0                     ; 0                   ; 0                ; 0               ; 0             ; 0             ; 0             ; 0             ;
; lcd_fsm.INIT2              ; 0             ; 0                   ; 0                          ; 0                ; 0                  ; 0                     ; 0                   ; 0                ; 0               ; 0             ; 0             ; 1             ; 1             ;
; lcd_fsm.INIT3              ; 0             ; 0                   ; 0                          ; 0                ; 0                  ; 0                     ; 0                   ; 0                ; 0               ; 0             ; 1             ; 0             ; 1             ;
; lcd_fsm.DELAY              ; 0             ; 0                   ; 0                          ; 0                ; 0                  ; 0                     ; 0                   ; 0                ; 0               ; 1             ; 0             ; 0             ; 1             ;
; lcd_fsm.WAIT_BF            ; 0             ; 0                   ; 0                          ; 0                ; 0                  ; 0                     ; 0                   ; 0                ; 1               ; 0             ; 0             ; 0             ; 1             ;
; lcd_fsm.FUNC_SET           ; 0             ; 0                   ; 0                          ; 0                ; 0                  ; 0                     ; 0                   ; 1                ; 0               ; 0             ; 0             ; 0             ; 1             ;
; lcd_fsm.DISPLAY_OFF        ; 0             ; 0                   ; 0                          ; 0                ; 0                  ; 0                     ; 1                   ; 0                ; 0               ; 0             ; 0             ; 0             ; 1             ;
; lcd_fsm.DISPLAY_CLEAR      ; 0             ; 0                   ; 0                          ; 0                ; 0                  ; 1                     ; 0                   ; 0                ; 0               ; 0             ; 0             ; 0             ; 1             ;
; lcd_fsm.DISPLAY_ON         ; 0             ; 0                   ; 0                          ; 0                ; 1                  ; 0                     ; 0                   ; 0                ; 0               ; 0             ; 0             ; 0             ; 1             ;
; lcd_fsm.MODE_SET           ; 0             ; 0                   ; 0                          ; 1                ; 0                  ; 0                     ; 0                   ; 0                ; 0               ; 0             ; 0             ; 0             ; 1             ;
; lcd_fsm.PRINT_STRING_SOLID ; 0             ; 0                   ; 1                          ; 0                ; 0                  ; 0                     ; 0                   ; 0                ; 0               ; 0             ; 0             ; 0             ; 1             ;
; lcd_fsm.RETURN_HOME        ; 0             ; 1                   ; 0                          ; 0                ; 0                  ; 0                     ; 0                   ; 0                ; 0               ; 0             ; 0             ; 0             ; 1             ;
; lcd_fsm.LINE2              ; 1             ; 0                   ; 0                          ; 0                ; 0                  ; 0                     ; 0                   ; 0                ; 0               ; 0             ; 0             ; 0             ; 1             ;
+----------------------------+---------------+---------------------+----------------------------+------------------+--------------------+-----------------------+---------------------+------------------+-----------------+---------------+---------------+---------------+---------------+


+-------------------------------------------------------------------------------------+
; Registers Removed During Synthesis                                                  ;
+----------------------------------------+--------------------------------------------+
; Register name                          ; Reason for Removal                         ;
+----------------------------------------+--------------------------------------------+
; counter:inst7|code[4..7]               ; Stuck at GND due to stuck port data_in     ;
; LCD:inst12|lcd_rw_int                  ; Stuck at GND due to stuck port data_in     ;
; FSM:inst2|delay_init[1..3,5,7,10..13]  ; Merged with FSM:inst2|delay_init[0]        ;
; FSM:inst2|delay_init[4,6,8,9,15]       ; Merged with FSM:inst2|delay_init[14]       ;
; FSM:inst2|delay_init[0]                ; Stuck at GND due to stuck port data_in     ;
; uart:uart1|tx_data_tmp[4..7]           ; Stuck at GND due to stuck port data_in     ;
; uart:uart1|tx_fsm.parity               ; Merged with uart:uart1|tx_fsm.ck_start_bit ;
; LCD:inst12|next_state.INIT1            ; Merged with LCD:inst12|next_state.DELAY    ;
; LCD:inst12|next_state.WAIT_BF          ; Merged with LCD:inst12|next_state.DELAY    ;
; uart:uart1|rx_fsm.stop1                ; Merged with uart:uart1|rx_fsm.parity       ;
; uart:uart1|rx_fsm.stop2                ; Merged with uart:uart1|rx_fsm.parity       ;
; uart:uart1|rx_fsm.stop3                ; Merged with uart:uart1|rx_fsm.parity       ;
; uart:uart1|tx_fsm.ck_start_bit         ; Stuck at GND due to stuck port data_in     ;
; uart:uart1|rx_fsm.parity               ; Stuck at GND due to stuck port data_in     ;
; FSM:inst2|next_state.DELAY             ; Stuck at GND due to stuck port data_in     ;
; LCD:inst12|next_state.DELAY            ; Stuck at GND due to stuck port data_in     ;
; Total Number of Removed Registers = 34 ;                                            ;
+----------------------------------------+--------------------------------------------+


+--------------------------------------------------------------------------------------------+
; Removed Registers Triggering Further Register Optimizations                                ;
+-----------------------+---------------------------+----------------------------------------+
; Register name         ; Reason for Removal        ; Registers Removed due to This Register ;
+-----------------------+---------------------------+----------------------------------------+
; counter:inst7|code[4] ; Stuck at GND              ; uart:uart1|tx_data_tmp[4]              ;
;                       ; due to stuck port data_in ;                                        ;
; counter:inst7|code[5] ; Stuck at GND              ; uart:uart1|tx_data_tmp[5]              ;
;                       ; due to stuck port data_in ;                                        ;
; counter:inst7|code[6] ; Stuck at GND              ; uart:uart1|tx_data_tmp[6]              ;
;                       ; due to stuck port data_in ;                                        ;
; counter:inst7|code[7] ; Stuck at GND              ; uart:uart1|tx_data_tmp[7]              ;
;                       ; due to stuck port data_in ;                                        ;
+-----------------------+---------------------------+----------------------------------------+


+------------------------------------------------------+
; General Register Statistics                          ;
+----------------------------------------------+-------+
; Statistic                                    ; Value ;
+----------------------------------------------+-------+
; Total registers                              ; 207   ;
; Number of registers using Synchronous Clear  ; 40    ;
; Number of registers using Synchronous Load   ; 0     ;
; Number of registers using Asynchronous Clear ; 0     ;
; Number of registers using Asynchronous Load  ; 0     ;
; Number of registers using Clock Enable       ; 121   ;
; Number of registers using Preset             ; 0     ;
+----------------------------------------------+-------+


+--------------------------------------------------+
; Inverted Register Statistics                     ;
+----------------------------------------+---------+
; Inverted Register                      ; Fan out ;
+----------------------------------------+---------+
; counter:inst7|counter[0]               ; 7       ;
; Total number of inverted registers = 1 ;         ;
+----------------------------------------+---------+


+-------------------------------------------------------------------------------------------------------------------------------------------------------+
; Multiplexer Restructuring Statistics (Restructuring Performed)                                                                                        ;
+--------------------+-----------+---------------+----------------------+------------------------+------------+-----------------------------------------+
; Multiplexer Inputs ; Bus Width ; Baseline Area ; Area if Restructured ; Saving if Restructured ; Registered ; Example Multiplexer Output              ;
+--------------------+-----------+---------------+----------------------+------------------------+------------+-----------------------------------------+
; 3:1                ; 9 bits    ; 18 LEs        ; 9 LEs                ; 9 LEs                  ; Yes        ; |MADs|uart:uart1|\rx_clk_gen:counter[8] ;
; 3:1                ; 13 bits   ; 26 LEs        ; 13 LEs               ; 13 LEs                 ; Yes        ; |MADs|uart:uart1|\tx_clk_gen:counter[1] ;
; 5:1                ; 8 bits    ; 24 LEs        ; 8 LEs                ; 16 LEs                 ; Yes        ; |MADs|uart:uart1|rx_data[3]             ;
; 5:1                ; 7 bits    ; 21 LEs        ; 7 LEs                ; 14 LEs                 ; Yes        ; |MADs|uart:uart1|rx_data_tmp[1]         ;
; 5:1                ; 3 bits    ; 9 LEs         ; 6 LEs                ; 3 LEs                  ; Yes        ; |MADs|counter:inst7|counter[3]          ;
; 5:1                ; 6 bits    ; 18 LEs        ; 12 LEs               ; 6 LEs                  ; Yes        ; |MADs|LCD:inst12|delay_count[6]         ;
; 6:1                ; 3 bits    ; 12 LEs        ; 6 LEs                ; 6 LEs                  ; Yes        ; |MADs|uart:uart1|tx_data_cnt[0]         ;
; 6:1                ; 3 bits    ; 12 LEs        ; 3 LEs                ; 9 LEs                  ; Yes        ; |MADs|uart:uart1|tx_data_tmp[6]         ;
; 6:1                ; 4 bits    ; 16 LEs        ; 8 LEs                ; 8 LEs                  ; Yes        ; |MADs|uart:uart1|tx_data_tmp[2]         ;
; 8:1                ; 5 bits    ; 25 LEs        ; 5 LEs                ; 20 LEs                 ; Yes        ; |MADs|uart:uart1|rx_clk_cnt[0]          ;
; 8:1                ; 2 bits    ; 10 LEs        ; 0 LEs                ; 10 LEs                 ; Yes        ; |MADs|FSM:inst2|delay_init[14]          ;
; 9:1                ; 16 bits   ; 96 LEs        ; 48 LEs               ; 48 LEs                 ; Yes        ; |MADs|FSM:inst2|delay_count2[15]        ;
; 10:1               ; 16 bits   ; 96 LEs        ; 48 LEs               ; 48 LEs                 ; Yes        ; |MADs|FSM:inst2|delay_count[15]         ;
; 3:1                ; 3 bits    ; 6 LEs         ; 3 LEs                ; 3 LEs                  ; No         ; |MADs|uart:uart1|rx_data_cnt            ;
; 3:1                ; 5 bits    ; 10 LEs        ; 10 LEs               ; 0 LEs                  ; No         ; |MADs|LCD:inst12|next_state             ;
; 4:1                ; 4 bits    ; 8 LEs         ; 4 LEs                ; 4 LEs                  ; No         ; |MADs|Decoder:inst3|led1                ;
; 4:1                ; 11 bits   ; 22 LEs        ; 22 LEs               ; 0 LEs                  ; No         ; |MADs|LCD:inst12|lcd_fsm                ;
; 8:1                ; 3 bits    ; 15 LEs        ; 9 LEs                ; 6 LEs                  ; No         ; |MADs|uart:uart1|tx_fsm                 ;
; 11:1               ; 5 bits    ; 35 LEs        ; 15 LEs               ; 20 LEs                 ; No         ; |MADs|uart:uart1|rx_fsm                 ;
; 11:1               ; 2 bits    ; 14 LEs        ; 8 LEs                ; 6 LEs                  ; No         ; |MADs|uart:uart1|rx_fsm                 ;
+--------------------+-----------+---------------+----------------------+------------------------+------------+-----------------------------------------+


+---------------------------------------------------------+
; Parameter Settings for User Entity Instance: uart:uart1 ;
+----------------+-------+--------------------------------+
; Parameter Name ; Value ; Type                           ;
+----------------+-------+--------------------------------+
; clk_freq       ; 50    ; Signed Integer                 ;
; ser_freq       ; 9600  ; Signed Integer                 ;
+----------------+-------+--------------------------------+
Note: In order to hide this table in the UI and the text report file, please set the "Show Parameter Settings in Synthesis Report" option in "Analysis and Synthesis Settings -> More Settings" to "Off".


+-------------------------------+
; Elapsed Time Per Partition    ;
+----------------+--------------+
; Partition Name ; Elapsed Time ;
+----------------+--------------+
; Top            ; 00:00:10     ;
+----------------+--------------+


+-------------------------------+
; Analysis & Synthesis Messages ;
+-------------------------------+
Info: *******************************************************************
Info: Running Quartus II 32-bit Analysis & Synthesis
    Info: Version 12.1 Build 243 01/31/2013 Service Pack 1 SJ Web Edition
    Info: Processing started: Mon Jun 24 16:44:40 2013
Info: Command: quartus_map --read_settings_files=on --write_settings_files=off MAD_fpga -c MAD_fpga
Warning (20028): Parallel compilation is not licensed and has been disabled
Info (12021): Found 1 design units, including 1 entities, in source file MADs.bdf
    Info (12023): Found entity 1: MADs
Info (12021): Found 2 design units, including 1 entities, in source file counter.vhd
    Info (12022): Found design unit 1: counter-main
    Info (12023): Found entity 1: counter
Info (12021): Found 2 design units, including 1 entities, in source file decoder.vhd
    Info (12022): Found design unit 1: Decoder-main
    Info (12023): Found entity 1: Decoder
Info (12021): Found 2 design units, including 1 entities, in source file clk_div.vhd
    Info (12022): Found design unit 1: spiker_50kHz-behavior
    Info (12023): Found entity 1: spiker_50kHz
Info (12021): Found 2 design units, including 1 entities, in source file keyfilter.vhd
    Info (12022): Found design unit 1: Keyfilter-main
    Info (12023): Found entity 1: Keyfilter
Warning (12090): Entity "Mux" obtained from "mux.vhd" instead of from Quartus II megafunction library
Info (12021): Found 2 design units, including 1 entities, in source file mux.vhd
    Info (12022): Found design unit 1: Mux-main
    Info (12023): Found entity 1: Mux
Info (12021): Found 2 design units, including 1 entities, in source file lcd.vhd
    Info (12022): Found design unit 1: LCD-main
    Info (12023): Found entity 1: LCD
Info (12021): Found 2 design units, including 1 entities, in source file uart.vhd
    Info (12022): Found design unit 1: uart-Behavioral
    Info (12023): Found entity 1: uart
Info (12021): Found 2 design units, including 1 entities, in source file fsm.vhd
    Info (12022): Found design unit 1: FSM-main
    Info (12023): Found entity 1: FSM
Info (12127): Elaborating entity "MADs" for the top level hierarchy
Info (12128): Elaborating entity "LCD" for hierarchy "LCD:inst12"
Warning (10541): VHDL Signal Declaration warning at lcd.vhd(43): used implicit default value for signal "lcd_blon" because signal was never assigned a value or an explicit default value. Use of implicit default value may introduce unintended design optimizations.
Warning (10540): VHDL Signal Declaration warning at lcd.vhd(73): used explicit default value for signal "chars_string_display" because signal was never assigned a value
Warning (10036): Verilog HDL or VHDL warning at lcd.vhd(134): object "string_seed" assigned a value but never read
Info (12128): Elaborating entity "spiker_50kHz" for hierarchy "spiker_50kHz:inst1"
Info (12128): Elaborating entity "Mux" for hierarchy "Mux:inst14"
Warning (10492): VHDL Process Statement warning at mux.vhd(44): signal "in1" is read inside the Process Statement but isn't in the Process Statement's sensitivity list
Warning (10492): VHDL Process Statement warning at mux.vhd(48): signal "in2" is read inside the Process Statement but isn't in the Process Statement's sensitivity list
Info (12128): Elaborating entity "FSM" for hierarchy "FSM:inst2"
Info (12128): Elaborating entity "Decoder" for hierarchy "Decoder:inst3"
Info (12128): Elaborating entity "uart" for hierarchy "uart:uart1"
Info (12128): Elaborating entity "Keyfilter" for hierarchy "Keyfilter:inst15"
Info (12128): Elaborating entity "counter" for hierarchy "counter:inst7"
Warning (13044): Always-enabled tri-state buffer(s) removed
    Warning (13045): Converted the fanout from the always-enabled tri-state buffer "LCD:inst12|lcd_data[7]" to the node "LCD_DATA[7]" into a wire
    Warning (13045): Converted the fanout from the always-enabled tri-state buffer "LCD:inst12|lcd_data[6]" to the node "LCD_DATA[6]" into a wire
    Warning (13045): Converted the fanout from the always-enabled tri-state buffer "LCD:inst12|lcd_data[5]" to the node "LCD_DATA[5]" into a wire
    Warning (13045): Converted the fanout from the always-enabled tri-state buffer "LCD:inst12|lcd_data[4]" to the node "LCD_DATA[4]" into a wire
    Warning (13045): Converted the fanout from the always-enabled tri-state buffer "LCD:inst12|lcd_data[3]" to the node "LCD_DATA[3]" into a wire
    Warning (13045): Converted the fanout from the always-enabled tri-state buffer "LCD:inst12|lcd_data[2]" to the node "LCD_DATA[2]" into a wire
    Warning (13045): Converted the fanout from the always-enabled tri-state buffer "LCD:inst12|lcd_data[1]" to the node "LCD_DATA[1]" into a wire
    Warning (13045): Converted the fanout from the always-enabled tri-state buffer "LCD:inst12|lcd_data[0]" to the node "LCD_DATA[0]" into a wire
Warning (13024): Output pins are stuck at VCC or GND
    Warning (13410): Pin "LCD_RW" is stuck at GND
    Warning (13410): Pin "LCD_ON" is stuck at VCC
    Warning (13410): Pin "LCD_BLON" is stuck at GND
Info (286030): Timing-Driven Synthesis is running
Info (16010): Generating hard_block partition "hard_block:auto_generated_inst"
    Info (16011): Adding 0 node(s), including 0 DDIO, 0 PLL, 0 transceiver and 0 LCELL
Info (21057): Implemented 730 device resources after synthesis - the final resource count might be different
    Info (21058): Implemented 6 input pins
    Info (21059): Implemented 19 output pins
    Info (21061): Implemented 705 logic cells
Info: Quartus II 32-bit Analysis & Synthesis was successful. 0 errors, 20 warnings
    Info: Peak virtual memory: 349 megabytes
    Info: Processing ended: Mon Jun 24 16:44:57 2013
    Info: Elapsed time: 00:00:17
    Info: Total CPU time (on all processors): 00:00:14


