Analysis & Synthesis report for seriale_led
Mon May 27 14:13:33 2013
Quartus II 32-bit Version 12.1 Build 243 01/31/2013 Service Pack 1 SJ Web Edition


---------------------
; Table of Contents ;
---------------------
  1. Legal Notice
  2. Analysis & Synthesis Summary
  3. Analysis & Synthesis Settings
  4. Parallel Compilation
  5. Analysis & Synthesis Source Files Read
  6. Analysis & Synthesis Resource Usage Summary
  7. Analysis & Synthesis Resource Utilization by Entity
  8. State Machine - |serial_led|data_to_led:data_to_led_1|dtl_fsm
  9. State Machine - |serial_led|uart:uart_1|rx_fsm
 10. State Machine - |serial_led|uart:uart_1|tx_fsm
 11. Registers Removed During Synthesis
 12. Removed Registers Triggering Further Register Optimizations
 13. General Register Statistics
 14. Multiplexer Restructuring Statistics (Restructuring Performed)
 15. Parameter Settings for User Entity Instance: uart:uart_1
 16. Port Connectivity Checks: "uart:uart_1"
 17. Elapsed Time Per Partition
 18. Analysis & Synthesis Messages



----------------
; Legal Notice ;
----------------
Copyright (C) 1991-2012 Altera Corporation
Your use of Altera Corporation's design tools, logic functions 
and other software and tools, and its AMPP partner logic 
functions, and any output files from any of the foregoing 
(including device programming or simulation files), and any 
associated documentation or information are expressly subject 
to the terms and conditions of the Altera Program License 
Subscription Agreement, Altera MegaCore Function License 
Agreement, or other applicable license agreement, including, 
without limitation, that your use is for the sole purpose of 
programming logic devices manufactured by Altera and sold by 
Altera or its authorized distributors.  Please refer to the 
applicable agreement for further details.



+------------------------------------------------------------------------------------+
; Analysis & Synthesis Summary                                                       ;
+------------------------------------+-----------------------------------------------+
; Analysis & Synthesis Status        ; Successful - Mon May 27 14:13:33 2013         ;
; Quartus II 32-bit Version          ; 12.1 Build 243 01/31/2013 SP 1 SJ Web Edition ;
; Revision Name                      ; seriale_led                                   ;
; Top-level Entity Name              ; serial_led                                    ;
; Family                             ; Cyclone IV E                                  ;
; Total logic elements               ; 113                                           ;
;     Total combinational functions  ; 92                                            ;
;     Dedicated logic registers      ; 85                                            ;
; Total registers                    ; 85                                            ;
; Total pins                         ; 25                                            ;
; Total virtual pins                 ; 0                                             ;
; Total memory bits                  ; 0                                             ;
; Embedded Multiplier 9-bit elements ; 0                                             ;
; Total PLLs                         ; 0                                             ;
+------------------------------------+-----------------------------------------------+


+----------------------------------------------------------------------------------------------------------------------+
; Analysis & Synthesis Settings                                                                                        ;
+----------------------------------------------------------------------------+--------------------+--------------------+
; Option                                                                     ; Setting            ; Default Value      ;
+----------------------------------------------------------------------------+--------------------+--------------------+
; Device                                                                     ; EP4CE115F29C7      ;                    ;
; Top-level entity name                                                      ; serial_led         ; seriale_led        ;
; Family name                                                                ; Cyclone IV E       ; Cyclone IV GX      ;
; Use smart compilation                                                      ; Off                ; Off                ;
; Enable parallel Assembler and TimeQuest Timing Analyzer during compilation ; On                 ; On                 ;
; Enable compact report table                                                ; Off                ; Off                ;
; Restructure Multiplexers                                                   ; Auto               ; Auto               ;
; Create Debugging Nodes for IP Cores                                        ; Off                ; Off                ;
; Preserve fewer node names                                                  ; On                 ; On                 ;
; Disable OpenCore Plus hardware evaluation                                  ; Off                ; Off                ;
; Verilog Version                                                            ; Verilog_2001       ; Verilog_2001       ;
; VHDL Version                                                               ; VHDL_1993          ; VHDL_1993          ;
; State Machine Processing                                                   ; Auto               ; Auto               ;
; Safe State Machine                                                         ; Off                ; Off                ;
; Extract Verilog State Machines                                             ; On                 ; On                 ;
; Extract VHDL State Machines                                                ; On                 ; On                 ;
; Ignore Verilog initial constructs                                          ; Off                ; Off                ;
; Iteration limit for constant Verilog loops                                 ; 5000               ; 5000               ;
; Iteration limit for non-constant Verilog loops                             ; 250                ; 250                ;
; Add Pass-Through Logic to Inferred RAMs                                    ; On                 ; On                 ;
; Infer RAMs from Raw Logic                                                  ; On                 ; On                 ;
; Parallel Synthesis                                                         ; On                 ; On                 ;
; DSP Block Balancing                                                        ; Auto               ; Auto               ;
; NOT Gate Push-Back                                                         ; On                 ; On                 ;
; Power-Up Don't Care                                                        ; On                 ; On                 ;
; Remove Redundant Logic Cells                                               ; Off                ; Off                ;
; Remove Duplicate Registers                                                 ; On                 ; On                 ;
; Ignore CARRY Buffers                                                       ; Off                ; Off                ;
; Ignore CASCADE Buffers                                                     ; Off                ; Off                ;
; Ignore GLOBAL Buffers                                                      ; Off                ; Off                ;
; Ignore ROW GLOBAL Buffers                                                  ; Off                ; Off                ;
; Ignore LCELL Buffers                                                       ; Off                ; Off                ;
; Ignore SOFT Buffers                                                        ; On                 ; On                 ;
; Limit AHDL Integers to 32 Bits                                             ; Off                ; Off                ;
; Optimization Technique                                                     ; Balanced           ; Balanced           ;
; Carry Chain Length                                                         ; 70                 ; 70                 ;
; Auto Carry Chains                                                          ; On                 ; On                 ;
; Auto Open-Drain Pins                                                       ; On                 ; On                 ;
; Perform WYSIWYG Primitive Resynthesis                                      ; Off                ; Off                ;
; Auto ROM Replacement                                                       ; On                 ; On                 ;
; Auto RAM Replacement                                                       ; On                 ; On                 ;
; Auto DSP Block Replacement                                                 ; On                 ; On                 ;
; Auto Shift Register Replacement                                            ; Auto               ; Auto               ;
; Allow Shift Register Merging across Hierarchies                            ; Auto               ; Auto               ;
; Auto Clock Enable Replacement                                              ; On                 ; On                 ;
; Strict RAM Replacement                                                     ; Off                ; Off                ;
; Allow Synchronous Control Signals                                          ; On                 ; On                 ;
; Force Use of Synchronous Clear Signals                                     ; Off                ; Off                ;
; Auto RAM Block Balancing                                                   ; On                 ; On                 ;
; Auto RAM to Logic Cell Conversion                                          ; Off                ; Off                ;
; Auto Resource Sharing                                                      ; Off                ; Off                ;
; Allow Any RAM Size For Recognition                                         ; Off                ; Off                ;
; Allow Any ROM Size For Recognition                                         ; Off                ; Off                ;
; Allow Any Shift Register Size For Recognition                              ; Off                ; Off                ;
; Use LogicLock Constraints during Resource Balancing                        ; On                 ; On                 ;
; Ignore translate_off and synthesis_off directives                          ; Off                ; Off                ;
; Timing-Driven Synthesis                                                    ; On                 ; On                 ;
; Report Parameter Settings                                                  ; On                 ; On                 ;
; Report Source Assignments                                                  ; On                 ; On                 ;
; Report Connectivity Checks                                                 ; On                 ; On                 ;
; Ignore Maximum Fan-Out Assignments                                         ; Off                ; Off                ;
; Synchronization Register Chain Length                                      ; 2                  ; 2                  ;
; PowerPlay Power Optimization                                               ; Normal compilation ; Normal compilation ;
; HDL message level                                                          ; Level2             ; Level2             ;
; Suppress Register Optimization Related Messages                            ; Off                ; Off                ;
; Number of Removed Registers Reported in Synthesis Report                   ; 5000               ; 5000               ;
; Number of Swept Nodes Reported in Synthesis Report                         ; 5000               ; 5000               ;
; Number of Inverted Registers Reported in Synthesis Report                  ; 100                ; 100                ;
; Clock MUX Protection                                                       ; On                 ; On                 ;
; Auto Gated Clock Conversion                                                ; Off                ; Off                ;
; Block Design Naming                                                        ; Auto               ; Auto               ;
; SDC constraint protection                                                  ; Off                ; Off                ;
; Synthesis Effort                                                           ; Auto               ; Auto               ;
; Shift Register Replacement - Allow Asynchronous Clear Signal               ; On                 ; On                 ;
; Pre-Mapping Resynthesis Optimization                                       ; Off                ; Off                ;
; Analysis & Synthesis Message Level                                         ; Medium             ; Medium             ;
; Disable Register Merging Across Hierarchies                                ; Auto               ; Auto               ;
; Resource Aware Inference For Block RAM                                     ; On                 ; On                 ;
; Synthesis Seed                                                             ; 1                  ; 1                  ;
+----------------------------------------------------------------------------+--------------------+--------------------+


Parallel compilation was disabled, but you have multiple processors available. Enable parallel compilation to reduce compilation time.
+-------------------------------------+
; Parallel Compilation                ;
+----------------------------+--------+
; Processors                 ; Number ;
+----------------------------+--------+
; Number detected on machine ; 2      ;
; Maximum allowed            ; 1      ;
+----------------------------+--------+


+----------------------------------------------------------------------------------------------------------------------------------------------------------+
; Analysis & Synthesis Source Files Read                                                                                                                   ;
+----------------------------------+-----------------+-----------------+-------------------------------------------------------------------------+---------+
; File Name with User-Entered Path ; Used in Netlist ; File Type       ; File Name with Absolute Path                                            ; Library ;
+----------------------------------+-----------------+-----------------+-------------------------------------------------------------------------+---------+
; uart.vhd                         ; yes             ; User VHDL File  ; /home/basti/Documenti/uni/PSE2013/altera/05_seriale_led/uart.vhd        ;         ;
; data_to_led.vhd                  ; yes             ; User VHDL File  ; /home/basti/Documenti/uni/PSE2013/altera/05_seriale_led/data_to_led.vhd ;         ;
; serial_led.vhd                   ; yes             ; User VHDL File  ; /home/basti/Documenti/uni/PSE2013/altera/05_seriale_led/serial_led.vhd  ;         ;
+----------------------------------+-----------------+-----------------+-------------------------------------------------------------------------+---------+


+-----------------------------------------------------+
; Analysis & Synthesis Resource Usage Summary         ;
+---------------------------------------------+-------+
; Resource                                    ; Usage ;
+---------------------------------------------+-------+
; Estimated Total logic elements              ; 113   ;
;                                             ;       ;
; Total combinational functions               ; 92    ;
; Logic element usage by number of LUT inputs ;       ;
;     -- 4 input functions                    ; 29    ;
;     -- 3 input functions                    ; 14    ;
;     -- <=2 input functions                  ; 49    ;
;                                             ;       ;
; Logic elements by mode                      ;       ;
;     -- normal mode                          ; 68    ;
;     -- arithmetic mode                      ; 24    ;
;                                             ;       ;
; Total registers                             ; 85    ;
;     -- Dedicated logic registers            ; 85    ;
;     -- I/O registers                        ; 0     ;
;                                             ;       ;
; I/O pins                                    ; 25    ;
; Embedded Multiplier 9-bit elements          ; 0     ;
; Maximum fan-out                             ; 85    ;
; Total fan-out                               ; 535   ;
; Average fan-out                             ; 2.36  ;
+---------------------------------------------+-------+


+---------------------------------------------------------------------------------------------------------------------------------------------------------------------------------------------------+
; Analysis & Synthesis Resource Utilization by Entity                                                                                                                                               ;
+--------------------------------+-------------------+--------------+-------------+--------------+---------+-----------+------+--------------+---------------------------------------+--------------+
; Compilation Hierarchy Node     ; LC Combinationals ; LC Registers ; Memory Bits ; DSP Elements ; DSP 9x9 ; DSP 18x18 ; Pins ; Virtual Pins ; Full Hierarchy Name                   ; Library Name ;
+--------------------------------+-------------------+--------------+-------------+--------------+---------+-----------+------+--------------+---------------------------------------+--------------+
; |serial_led                    ; 92 (0)            ; 85 (0)       ; 0           ; 0            ; 0       ; 0         ; 25   ; 0            ; |serial_led                           ;              ;
;    |data_to_led:data_to_led_1| ; 9 (9)             ; 12 (12)      ; 0           ; 0            ; 0       ; 0         ; 0    ; 0            ; |serial_led|data_to_led:data_to_led_1 ;              ;
;    |uart:uart_1|               ; 83 (83)           ; 73 (73)      ; 0           ; 0            ; 0       ; 0         ; 0    ; 0            ; |serial_led|uart:uart_1               ;              ;
+--------------------------------+-------------------+--------------+-------------+--------------+---------+-----------+------+--------------+---------------------------------------+--------------+
Note: For table entries with two numbers listed, the numbers in parentheses indicate the number of resources of the given type used by the specific entity alone. The numbers listed outside of parentheses indicate the total resources of the given type used by the specific entity and all of its sub-entities in the hierarchy.


Encoding Type:  One-Hot
+---------------------------------------------------------------+
; State Machine - |serial_led|data_to_led:data_to_led_1|dtl_fsm ;
+----------------+----------------+--------------+--------------+
; Name           ; dtl_fsm.transm ; dtl_fsm.data ; dtl_fsm.idle ;
+----------------+----------------+--------------+--------------+
; dtl_fsm.idle   ; 0              ; 0            ; 0            ;
; dtl_fsm.data   ; 0              ; 1            ; 1            ;
; dtl_fsm.transm ; 1              ; 0            ; 1            ;
+----------------+----------------+--------------+--------------+


Encoding Type:  One-Hot
+-----------------------------------------------------------------------------------------+
; State Machine - |serial_led|uart:uart_1|rx_fsm                                          ;
+---------------+--------------+--------------+---------------+-------------+-------------+
; Name          ; rx_fsm.stop2 ; rx_fsm.stop1 ; rx_fsm.parity ; rx_fsm.data ; rx_fsm.idle ;
+---------------+--------------+--------------+---------------+-------------+-------------+
; rx_fsm.idle   ; 0            ; 0            ; 0             ; 0           ; 0           ;
; rx_fsm.data   ; 0            ; 0            ; 0             ; 1           ; 1           ;
; rx_fsm.parity ; 0            ; 0            ; 1             ; 0           ; 1           ;
; rx_fsm.stop1  ; 0            ; 1            ; 0             ; 0           ; 1           ;
; rx_fsm.stop2  ; 1            ; 0            ; 0             ; 0           ; 1           ;
+---------------+--------------+--------------+---------------+-------------+-------------+


Encoding Type:  One-Hot
+-----------------------------------------------------------------------------------------+
; State Machine - |serial_led|uart:uart_1|tx_fsm                                          ;
+---------------+--------------+--------------+---------------+-------------+-------------+
; Name          ; tx_fsm.stop2 ; tx_fsm.stop1 ; tx_fsm.parity ; tx_fsm.data ; tx_fsm.idle ;
+---------------+--------------+--------------+---------------+-------------+-------------+
; tx_fsm.idle   ; 0            ; 0            ; 0             ; 0           ; 0           ;
; tx_fsm.data   ; 0            ; 0            ; 0             ; 1           ; 1           ;
; tx_fsm.parity ; 0            ; 0            ; 1             ; 0           ; 1           ;
; tx_fsm.stop1  ; 0            ; 1            ; 0             ; 0           ; 1           ;
; tx_fsm.stop2  ; 1            ; 0            ; 0             ; 0           ; 1           ;
+---------------+--------------+--------------+---------------+-------------+-------------+


+----------------------------------------------------------------------------------+
; Registers Removed During Synthesis                                               ;
+-----------------------------------------+----------------------------------------+
; Register name                           ; Reason for Removal                     ;
+-----------------------------------------+----------------------------------------+
; data_to_led:data_to_led_1|tx_data[4]    ; Stuck at GND due to stuck port data_in ;
; data_to_led:data_to_led_1|tx_data[0..3] ; Stuck at VCC due to stuck port data_in ;
; data_to_led:data_to_led_1|tx_data[5]    ; Stuck at GND due to stuck port data_in ;
; data_to_led:data_to_led_1|tx_data[6]    ; Stuck at VCC due to stuck port data_in ;
; data_to_led:data_to_led_1|tx_data[7]    ; Stuck at GND due to stuck port data_in ;
; uart:uart_1|rx_par_bit                  ; Stuck at GND due to stuck port data_in ;
; uart:uart_1|tx_data_tmp[7]              ; Stuck at GND due to stuck port data_in ;
; uart:uart_1|rx_fsm.stop1                ; Merged with uart:uart_1|rx_fsm.parity  ;
; uart:uart_1|rx_fsm.stop2                ; Merged with uart:uart_1|rx_fsm.parity  ;
; uart:uart_1|tx_fsm.parity               ; Stuck at GND due to stuck port data_in ;
; uart:uart_1|rx_fsm.parity               ; Stuck at GND due to stuck port data_in ;
; Total Number of Removed Registers = 14  ;                                        ;
+-----------------------------------------+----------------------------------------+


+-----------------------------------------------------------------------------------------------------------+
; Removed Registers Triggering Further Register Optimizations                                               ;
+--------------------------------------+---------------------------+----------------------------------------+
; Register name                        ; Reason for Removal        ; Registers Removed due to This Register ;
+--------------------------------------+---------------------------+----------------------------------------+
; data_to_led:data_to_led_1|tx_data[7] ; Stuck at GND              ; uart:uart_1|tx_data_tmp[7]             ;
;                                      ; due to stuck port data_in ;                                        ;
+--------------------------------------+---------------------------+----------------------------------------+


+------------------------------------------------------+
; General Register Statistics                          ;
+----------------------------------------------+-------+
; Statistic                                    ; Value ;
+----------------------------------------------+-------+
; Total registers                              ; 85    ;
; Number of registers using Synchronous Clear  ; 32    ;
; Number of registers using Synchronous Load   ; 0     ;
; Number of registers using Asynchronous Clear ; 0     ;
; Number of registers using Asynchronous Load  ; 0     ;
; Number of registers using Clock Enable       ; 44    ;
; Number of registers using Preset             ; 0     ;
+----------------------------------------------+-------+


+---------------------------------------------------------------------------------------------------------------------------------------------------------------+
; Multiplexer Restructuring Statistics (Restructuring Performed)                                                                                                ;
+--------------------+-----------+---------------+----------------------+------------------------+------------+-------------------------------------------------+
; Multiplexer Inputs ; Bus Width ; Baseline Area ; Area if Restructured ; Saving if Restructured ; Registered ; Example Multiplexer Output                      ;
+--------------------+-----------+---------------+----------------------+------------------------+------------+-------------------------------------------------+
; 3:1                ; 13 bits   ; 26 LEs        ; 13 LEs               ; 13 LEs                 ; Yes        ; |serial_led|uart:uart_1|\rx_clk_gen:counter[2]  ;
; 3:1                ; 13 bits   ; 26 LEs        ; 13 LEs               ; 13 LEs                 ; Yes        ; |serial_led|uart:uart_1|\tx_clk_gen:counter[10] ;
; 4:1                ; 8 bits    ; 16 LEs        ; 8 LEs                ; 8 LEs                  ; Yes        ; |serial_led|uart:uart_1|rx_data[2]              ;
; 6:1                ; 3 bits    ; 12 LEs        ; 6 LEs                ; 6 LEs                  ; Yes        ; |serial_led|uart:uart_1|tx_data_cnt[0]          ;
; 6:1                ; 7 bits    ; 28 LEs        ; 14 LEs               ; 14 LEs                 ; Yes        ; |serial_led|uart:uart_1|tx_data_tmp[0]          ;
; 3:1                ; 2 bits    ; 4 LEs         ; 4 LEs                ; 0 LEs                  ; No         ; |serial_led|uart:uart_1|tx_fsm                  ;
; 5:1                ; 3 bits    ; 9 LEs         ; 9 LEs                ; 0 LEs                  ; No         ; |serial_led|data_to_led:data_to_led_1|Selector0 ;
; 8:1                ; 5 bits    ; 25 LEs        ; 15 LEs               ; 10 LEs                 ; No         ; |serial_led|uart:uart_1|rx_fsm                  ;
+--------------------+-----------+---------------+----------------------+------------------------+------------+-------------------------------------------------+


+----------------------------------------------------------+
; Parameter Settings for User Entity Instance: uart:uart_1 ;
+----------------+-------+---------------------------------+
; Parameter Name ; Value ; Type                            ;
+----------------+-------+---------------------------------+
; CLK_FREQ       ; 50    ; Signed Integer                  ;
; SER_FREQ       ; 9600  ; Signed Integer                  ;
+----------------+-------+---------------------------------+
Note: In order to hide this table in the UI and the text report file, please set the "Show Parameter Settings in Synthesis Report" option in "Analysis and Synthesis Settings -> More Settings" to "Off".


+------------------------------------------+
; Port Connectivity Checks: "uart:uart_1"  ;
+--------+-------+----------+--------------+
; Port   ; Type  ; Severity ; Details      ;
+--------+-------+----------+--------------+
; par_en ; Input ; Info     ; Stuck at GND ;
+--------+-------+----------+--------------+


+-------------------------------+
; Elapsed Time Per Partition    ;
+----------------+--------------+
; Partition Name ; Elapsed Time ;
+----------------+--------------+
; Top            ; 00:00:02     ;
+----------------+--------------+


+-------------------------------+
; Analysis & Synthesis Messages ;
+-------------------------------+
Info: *******************************************************************
Info: Running Quartus II 32-bit Analysis & Synthesis
    Info: Version 12.1 Build 243 01/31/2013 Service Pack 1 SJ Web Edition
    Info: Processing started: Mon May 27 14:13:25 2013
Info: Command: quartus_map --read_settings_files=on --write_settings_files=off seriale_led -c seriale_led
Warning (20028): Parallel compilation is not licensed and has been disabled
Info (12021): Found 2 design units, including 1 entities, in source file uart.vhd
    Info (12022): Found design unit 1: uart-Behavioral
    Info (12023): Found entity 1: uart
Info (12021): Found 2 design units, including 1 entities, in source file data_to_led.vhd
    Info (12022): Found design unit 1: data_to_led-main
    Info (12023): Found entity 1: data_to_led
Info (12021): Found 2 design units, including 1 entities, in source file serial_led.vhd
    Info (12022): Found design unit 1: serial_led-main
    Info (12023): Found entity 1: serial_led
Info (12127): Elaborating entity "serial_led" for the top level hierarchy
Warning (10873): Using initial value X (don't care) for net "LEDR[16..8]" at serial_led.vhd(12)
Info (12128): Elaborating entity "uart" for hierarchy "uart:uart_1"
Info (12128): Elaborating entity "data_to_led" for hierarchy "data_to_led:data_to_led_1"
Warning (13024): Output pins are stuck at VCC or GND
    Warning (13410): Pin "LEDR[8]" is stuck at GND
    Warning (13410): Pin "LEDR[9]" is stuck at GND
    Warning (13410): Pin "LEDR[10]" is stuck at GND
    Warning (13410): Pin "LEDR[11]" is stuck at GND
    Warning (13410): Pin "LEDR[12]" is stuck at GND
    Warning (13410): Pin "LEDR[13]" is stuck at GND
    Warning (13410): Pin "LEDR[14]" is stuck at GND
    Warning (13410): Pin "LEDR[15]" is stuck at GND
    Warning (13410): Pin "LEDR[16]" is stuck at GND
Info (286030): Timing-Driven Synthesis is running
Info (16010): Generating hard_block partition "hard_block:auto_generated_inst"
    Info (16011): Adding 0 node(s), including 0 DDIO, 0 PLL, 0 transceiver and 0 LCELL
Warning (21074): Design contains 3 input pin(s) that do not drive logic
    Warning (15610): No output dependent on input pin "KEY[0]"
    Warning (15610): No output dependent on input pin "KEY[1]"
    Warning (15610): No output dependent on input pin "KEY[2]"
Info (21057): Implemented 140 device resources after synthesis - the final resource count might be different
    Info (21058): Implemented 6 input pins
    Info (21059): Implemented 19 output pins
    Info (21061): Implemented 115 logic cells
Info: Quartus II 32-bit Analysis & Synthesis was successful. 0 errors, 16 warnings
    Info: Peak virtual memory: 345 megabytes
    Info: Processing ended: Mon May 27 14:13:33 2013
    Info: Elapsed time: 00:00:08
    Info: Total CPU time (on all processors): 00:00:05


